
=== Deploying to 'sheltr-ai'...

i  deploying functions
Running command: npm --prefix "$RESOURCE_DIR" run lint

> lint
> eslint --ext .js,.ts .

Running command: npm --prefix "$RESOURCE_DIR" run build

> build
> tsc

✔  functions: Finished running predeploy script.
i  functions: preparing codebase default for deployment
i  functions: ensuring required API cloudfunctions.googleapis.com is enabled...
i  functions: ensuring required API cloudbuild.googleapis.com is enabled...
i  artifactregistry: ensuring required API artifactregistry.googleapis.com is enabled...
i  functions: Loading and analyzing source code for codebase default to determine what to deploy
Serving at port 8324

i  extensions: ensuring required API firebaseextensions.googleapis.com is enabled...
i  functions: preparing functions directory for uploading...
i  functions: packaged /Users/mrjones/Github/Projects/sheltr-ai/functions (97.31 KB) for uploading
i  functions: ensuring required API run.googleapis.com is enabled...
i  functions: ensuring required API eventarc.googleapis.com is enabled...
i  functions: ensuring required API pubsub.googleapis.com is enabled...
i  functions: ensuring required API storage.googleapis.com is enabled...
i  functions: generating the service identity for pubsub.googleapis.com...
i  functions: generating the service identity for eventarc.googleapis.com...
i  functions: Skipping the deploy of unchanged functions.
✔  functions[health(us-central1)] Skipped (No changes detected)

✔  Deploy complete!

Project Console: https://console.firebase.google.com/project/sheltr-ai/overview
